[Licensing::Module] Trying to connect to existing licensing client channel...
Built from '6000.2/staging' branch; Version is '6000.2.12f1 (e89d5df0e333) revision 15244637'; Using compiler version '194234433'; Build Type 'Release'
OS: 'Windows 11  (10.0.26100) 64bit Professional' Language: 'en' Physical Memory: 65254 MB
[Licensing::IpcConnector] Successfully connected to: "LicenseClient-Admin" at "2026-02-19T01:45:09.9040056Z"
BatchMode: 1, IsHumanControllingUs: 0, StartBugReporterOnCrash: 0, Is64bit: 1
Date: 2026-02-19T01:45:09Z

COMMAND LINE ARGUMENTS:
C:\Program Files\Unity\Hub\Editor\6000.2.12f1\Editor\Unity.exe
-adb2
-batchMode
-noUpm
-name
AssetImportWorker4
-projectPath
C:/Users/Admin/Documents/GitHub/millwood/millwood-unity
-logFile
Logs/AssetImportWorker4.log
-srvPort
62126
-licensingIpc
LicenseClient-Admin
-job-worker-count
7
-background-job-worker-count
8
-gc-helper-count
1
-name
AssetImport
Successfully changed project path to: C:/Users/Admin/Documents/GitHub/millwood/millwood-unity
C:/Users/Admin/Documents/GitHub/millwood/millwood-unity
[UnityMemory] Configuration Parameters - Can be set up in boot.config
    "memorysetup-allocator-temp-initial-block-size-main=262144"
    "memorysetup-allocator-temp-initial-block-size-worker=262144"
    "memorysetup-bucket-allocator-granularity=16"
    "memorysetup-bucket-allocator-bucket-count=8"
    "memorysetup-bucket-allocator-block-size=33554432"
    "memorysetup-bucket-allocator-block-count=8"
    "memorysetup-main-allocator-block-size=16777216"
    "memorysetup-thread-allocator-block-size=16777216"
    "memorysetup-gfx-main-allocator-block-size=16777216"
    "memorysetup-gfx-thread-allocator-block-size=16777216"
    "memorysetup-cache-allocator-block-size=4194304"
    "memorysetup-typetree-allocator-block-size=2097152"
    "memorysetup-profiler-bucket-allocator-granularity=16"
    "memorysetup-profiler-bucket-allocator-bucket-count=8"
    "memorysetup-profiler-bucket-allocator-block-size=33554432"
    "memorysetup-profiler-bucket-allocator-block-count=8"
    "memorysetup-profiler-allocator-block-size=16777216"
    "memorysetup-profiler-editor-allocator-block-size=1048576"
    "memorysetup-temp-allocator-size-main=16777216"
    "memorysetup-job-temp-allocator-block-size=2097152"
    "memorysetup-job-temp-allocator-block-size-background=1048576"
    "memorysetup-job-temp-allocator-reduction-small-platforms=262144"
    "memorysetup-temp-allocator-size-background-worker=32768"
    "memorysetup-temp-allocator-size-job-worker=262144"
    "memorysetup-temp-allocator-size-preload-manager=33554432"
    "memorysetup-temp-allocator-size-nav-mesh-worker=65536"
    "memorysetup-temp-allocator-size-audio-worker=65536"
    "memorysetup-temp-allocator-size-cloud-worker=32768"
    "memorysetup-temp-allocator-size-gi-baking-worker=262144"
    "memorysetup-temp-allocator-size-gi-baking-worker=262144"
    "memorysetup-temp-allocator-size-gi-baking-worker=262144"
    "memorysetup-temp-allocator-size-gi-baking-worker=262144"
    "memorysetup-temp-allocator-size-gi-baking-worker=262144"
    "memorysetup-temp-allocator-size-gfx=262144"
Player connection [23744]  Target information:

Player connection [23744]  * "[IP] 10.0.0.177 [Port] 0 [Flags] 2 [Guid] 915371268 [EditorId] 915371268 [Version] 1048832 [Id] WindowsEditor(7,DESKTOP-IR2QD4B) [Debug] 1 [PackageName] WindowsEditor [ProjectName] Editor" 

Player connection [23744] Host joined multi-casting on [225.0.0.222:54997]...
Player connection [23744] Host joined alternative multi-casting on [225.0.0.222:34997]...
JobSystem: Creating JobQueue using job-worker-count value 7
Input System module state changed to: Initialized.
[Physics::Module] Initialized fallback backend.
[Physics::Module] Id: 0xdecafbad
Library Redirect Path: Library/
[Physics::Module] Selected backend.
[Physics::Module] Name: PhysX
[Physics::Module] Id: 0xf2b8ea05
[Physics::Module] SDK Version: 4.1.2
[Physics::Module] Integration Version: 1.0.0
[Physics::Module] Threading Mode: Multi-Threaded
Refreshing native plugins compatible for Editor in 2.37 ms, found 3 plugins.
Preloading 0 native plugins for Editor in 0.00 ms.
Initialize engine version: 6000.2.12f1 (e89d5df0e333)
[Subsystems] Discovering subsystems at path C:/Program Files/Unity/Hub/Editor/6000.2.12f1/Editor/Data/Resources/UnitySubsystems
[Subsystems] Discovering subsystems at path C:/Users/Admin/Documents/GitHub/millwood/millwood-unity/Assets
GfxDevice: creating device client; kGfxThreadingModeNonThreaded
Direct3D:
    Version:  Direct3D 11.0 [level 11.1]
    Renderer: NVIDIA Quadro RTX 3000 (ID=0x1f36)
    Vendor:   NVIDIA
    VRAM:     5955 MB
    Driver:   32.0.15.7357
Initialize mono
Mono path[0] = 'C:/Program Files/Unity/Hub/Editor/6000.2.12f1/Editor/Data/Managed'
Mono path[1] = 'C:/Program Files/Unity/Hub/Editor/6000.2.12f1/Editor/Data/MonoBleedingEdge/lib/mono/unityjit-win32'
Mono config path = 'C:/Program Files/Unity/Hub/Editor/6000.2.12f1/Editor/Data/MonoBleedingEdge/etc'
Using monoOptions --debugger-agent=transport=dt_socket,embedding=1,server=y,suspend=n,address=127.0.0.1:56832
Begin MonoManager ReloadAssembly
Registering precompiled unity dll's ...
Register platform support module: C:/Program Files/Unity/Hub/Editor/6000.2.12f1/Editor/Data/PlaybackEngines/WebGLSupport/UnityEditor.WebGL.Extensions.dll
Register platform support module: C:/Program Files/Unity/Hub/Editor/6000.2.12f1/Editor/Data/PlaybackEngines/WindowsStandaloneSupport/UnityEditor.WindowsStandalone.Extensions.dll
Registered in 0.002222 seconds.
- Loaded All Assemblies, in  0.497 seconds
Native extension for WindowsStandalone target not found
Native extension for WebGL target not found
[Licensing::Client] Handshaking with LicensingClient:
  Version:                 1.17.4+4293ba1
  Session Id:              c268178cd63b4ffcbef5952eb49ef4f3
  Correlation Id:          ace3d2f486f2b1a0c164102372f9e621
  External correlation Id: 5374149796748495129
  Machine Id:              Du29qoEXN26LUdwpQ4VOAyvHsrI=
[Licensing::Module] Successfully connected to LicensingClient on channel: "LicenseClient-Admin" (connect: 0.00s, validation: 0.00s, handshake: 1.49s)
[Licensing::IpcConnector] Successfully connected to: "LicenseClient-Admin-notifications" at "2026-02-19T01:45:11.3939301Z"
[Licensing::Module] Licensing Background thread has ended after 1.49s
Mono: successfully reloaded assembly
- Finished resetting the current domain, in  0.506 seconds
Domain Reload Profiling: 1000ms
	BeginReloadAssembly (159ms)
		ExecutionOrderSort (0ms)
		DisableScriptedObjects (0ms)
		BackupInstance (0ms)
		ReleaseScriptingObjects (0ms)
		CreateAndSetChildDomain (1ms)
	RebuildCommonClasses (47ms)
	RebuildNativeTypeToScriptingClass (14ms)
	initialDomainReloadingComplete (52ms)
	LoadAllAssembliesAndSetupDomain (221ms)
		LoadAssemblies (153ms)
		RebuildTransferFunctionScriptingTraits (0ms)
		AnalyzeDomain (218ms)
			TypeCache.Refresh (214ms)
				TypeCache.ScanAssembly (190ms)
			BuildScriptInfoCaches (0ms)
			ResolveRequiredComponents (1ms)
	FinalizeReload (506ms)
		ReleaseScriptCaches (0ms)
		RebuildScriptCaches (0ms)
		SetupLoadedEditorAssemblies (433ms)
			LogAssemblyErrors (0ms)
			InitializePlatformSupportModulesInManaged (75ms)
			SetLoadedEditorAssemblies (5ms)
			BeforeProcessingInitializeOnLoad (99ms)
			ProcessInitializeOnLoadAttributes (182ms)
			ProcessInitializeOnLoadMethodAttributes (71ms)
			AfterProcessingInitializeOnLoad (0ms)
			EditorAssembliesLoaded (0ms)
		ExecutionOrderSort2 (0ms)
		AwakeInstancesAfterBackupRestoration (0ms)
========================================================================
Worker process is ready to serve import requests
Import Worker Mode flag is 0x00
Begin MonoManager ReloadAssembly
[Licensing::Client] Successfully resolved entitlement details
[Licensing::Module] License group:
  Id: 2474074542826-UnityPersXXXX
  Product: Unity Personal
  Type: Assigned
  Expiration: Unlimited
- Loaded All Assemblies, in  0.824 seconds
Refreshing native plugins compatible for Editor in 0.91 ms, found 3 plugins.
Native extension for WindowsStandalone target not found
Native extension for WebGL target not found
Package Manager log level set to [2]
[Package Manager] Failed to launch server process. Reason: Unity was launched with the -noUpm command-line argument
[Package Manager] Unable to send message (not connected to server process).
[Package Manager] Cannot connect to Unity Package Manager local server
Mono: successfully reloaded assembly
- Finished resetting the current domain, in  0.858 seconds
Domain Reload Profiling: 1677ms
	BeginReloadAssembly (200ms)
		ExecutionOrderSort (0ms)
		DisableScriptedObjects (7ms)
		BackupInstance (0ms)
		ReleaseScriptingObjects (0ms)
		CreateAndSetChildDomain (34ms)
	RebuildCommonClasses (39ms)
	RebuildNativeTypeToScriptingClass (14ms)
	initialDomainReloadingComplete (49ms)
	LoadAllAssembliesAndSetupDomain (517ms)
		LoadAssemblies (361ms)
		RebuildTransferFunctionScriptingTraits (0ms)
		AnalyzeDomain (265ms)
			TypeCache.Refresh (199ms)
				TypeCache.ScanAssembly (182ms)
			BuildScriptInfoCaches (51ms)
			ResolveRequiredComponents (11ms)
	FinalizeReload (858ms)
		ReleaseScriptCaches (0ms)
		RebuildScriptCaches (0ms)
		SetupLoadedEditorAssemblies (652ms)
			LogAssemblyErrors (0ms)
			InitializePlatformSupportModulesInManaged (2ms)
			SetLoadedEditorAssemblies (3ms)
			BeforeProcessingInitializeOnLoad (173ms)
			ProcessInitializeOnLoadAttributes (405ms)
			ProcessInitializeOnLoadMethodAttributes (61ms)
			AfterProcessingInitializeOnLoad (7ms)
			EditorAssembliesLoaded (0ms)
		ExecutionOrderSort2 (0ms)
		AwakeInstancesAfterBackupRestoration (7ms)
Launched and connected shader compiler UnityShaderCompiler.exe after 0.01 seconds
Refreshing native plugins compatible for Editor in 1.64 ms, found 3 plugins.
Preloading 0 native plugins for Editor in 0.00 ms.
Unloading 13 Unused Serialized files (Serialized files now loaded: 0)
Unloading 6178 unused Assets / (4.8 MB). Loaded Objects now: 6868.
Memory consumption went from 134.1 MB to 129.3 MB.
Total: 14.439100 ms (FindLiveObjects: 1.130100 ms CreateObjectMapping: 1.973200 ms MarkObjects: 8.034200 ms  DeleteObjects: 3.297700 ms)

========================================================================
Received Import Request.
  Time since last request: 344072.231849 seconds.
  path: Assets/Art/Textures/skybox/wrath_dn.jpg
  artifactKey: Guid(84958e58fd9ab834fba4de5e7a269192) Importer(815301076,1909f56bfc062723c751e8b465ee728b)
Start importing Assets/Art/Textures/skybox/wrath_dn.jpg using Guid(84958e58fd9ab834fba4de5e7a269192) Importer(815301076,1909f56bfc062723c751e8b465ee728b) (PreviewImporter) -> (artifact id: '5149583bfead93fbd9ba6844b6520a23') in 0.0931248 seconds
Number of updated asset objects reloaded before import = 0Number of asset objects unloaded after import = 2

========================================================================
Received Import Request.
  Time since last request: 0.799481 seconds.
  path: Assets/Art/Textures/skybox/wrath_dn.jpg
  artifactKey: Guid(84958e58fd9ab834fba4de5e7a269192) Importer(2089858483,192608db42251d675da83286b1cce702)
Start importing Assets/Art/Textures/skybox/wrath_dn.jpg using Guid(84958e58fd9ab834fba4de5e7a269192) Importer(2089858483,192608db42251d675da83286b1cce702) (ScriptedImporter) -> (artifact id: '9bd367656e923edf497a20f3ad0a6885') in 0.2075968 seconds
Number of updated asset objects reloaded before import = 0Number of asset objects unloaded after import = 1

========================================================================
Received Import Request.
  Time since last request: 3.126924 seconds.
  path: Assets/Art/Materials/_skybox-1.mat
  artifactKey: Guid(c892bc0017376044db4d83c9932d32a9) Importer(2089858483,192608db42251d675da83286b1cce702)
Start importing Assets/Art/Materials/_skybox-1.mat using Guid(c892bc0017376044db4d83c9932d32a9) Importer(2089858483,192608db42251d675da83286b1cce702) (ScriptedImporter) -> (artifact id: 'ed50c53ea9d7286605813ae5e38ddc8a') in 0.0270927 seconds
Number of updated asset objects reloaded before import = 0Number of asset objects unloaded after import = 7

========================================================================
Received Import Request.
  Time since last request: 0.206429 seconds.
  path: Assets/Art/Textures/skybox/wrath_up.jpg
  artifactKey: Guid(9570c0125d790694bb9466747e81e665) Importer(815301076,1909f56bfc062723c751e8b465ee728b)
Start importing Assets/Art/Textures/skybox/wrath_up.jpg using Guid(9570c0125d790694bb9466747e81e665) Importer(815301076,1909f56bfc062723c751e8b465ee728b) (PreviewImporter) -> (artifact id: '5a9313e9f23d4faf0d91b92eb457d3d9') in 0.0227734 seconds
Number of updated asset objects reloaded before import = 0Number of asset objects unloaded after import = 2

========================================================================
Received Import Request.
  Time since last request: 9.136040 seconds.
  path: Assets/Art/Textures/skybox/wrath_bk.jpg
  artifactKey: Guid(8fa1e64f6014bcb43b1efc4ca76e833f) Importer(815301076,1909f56bfc062723c751e8b465ee728b)
Start importing Assets/Art/Textures/skybox/wrath_bk.jpg using Guid(8fa1e64f6014bcb43b1efc4ca76e833f) Importer(815301076,1909f56bfc062723c751e8b465ee728b) (PreviewImporter) -> (artifact id: '0b44139cb29f27200e1062e980fa2164') in 0.0215967 seconds
Number of updated asset objects reloaded before import = 0Number of asset objects unloaded after import = 2

========================================================================
Received Prepare
Begin MonoManager ReloadAssembly
- Loaded All Assemblies, in  0.845 seconds
Refreshing native plugins compatible for Editor in 0.94 ms, found 3 plugins.
Native extension for WindowsStandalone target not found
Native extension for WebGL target not found
[Package Manager] Failed to launch server process. Reason: Unity was launched with the -noUpm command-line argument
[Package Manager] Unable to send message (not connected to server process).
[Package Manager] Cannot connect to Unity Package Manager local server
Mono: successfully reloaded assembly
- Finished resetting the current domain, in  0.759 seconds
Domain Reload Profiling: 1605ms
	BeginReloadAssembly (258ms)
		ExecutionOrderSort (0ms)
		DisableScriptedObjects (6ms)
		BackupInstance (0ms)
		ReleaseScriptingObjects (0ms)
		CreateAndSetChildDomain (76ms)
	RebuildCommonClasses (37ms)
	RebuildNativeTypeToScriptingClass (14ms)
	initialDomainReloadingComplete (38ms)
	LoadAllAssembliesAndSetupDomain (498ms)
		LoadAssemblies (396ms)
		RebuildTransferFunctionScriptingTraits (0ms)
		AnalyzeDomain (214ms)
			TypeCache.Refresh (10ms)
				TypeCache.ScanAssembly (0ms)
			BuildScriptInfoCaches (186ms)
			ResolveRequiredComponents (12ms)
	FinalizeReload (760ms)
		ReleaseScriptCaches (0ms)
		RebuildScriptCaches (0ms)
		SetupLoadedEditorAssemblies (588ms)
			LogAssemblyErrors (0ms)
			InitializePlatformSupportModulesInManaged (2ms)
			SetLoadedEditorAssemblies (3ms)
			BeforeProcessingInitializeOnLoad (147ms)
			ProcessInitializeOnLoadAttributes (375ms)
			ProcessInitializeOnLoadMethodAttributes (55ms)
			AfterProcessingInitializeOnLoad (6ms)
			EditorAssembliesLoaded (0ms)
		ExecutionOrderSort2 (0ms)
		AwakeInstancesAfterBackupRestoration (16ms)
Refreshing native plugins compatible for Editor in 1.67 ms, found 3 plugins.
Preloading 0 native plugins for Editor in 0.00 ms.
Unloading 13 Unused Serialized files (Serialized files now loaded: 0)
Unloading 6174 unused Assets / (4.9 MB). Loaded Objects now: 6888.
Memory consumption went from 139.1 MB to 134.2 MB.
Total: 16.194600 ms (FindLiveObjects: 1.154700 ms CreateObjectMapping: 1.713200 ms MarkObjects: 9.293300 ms  DeleteObjects: 4.032100 ms)

Prepare: number of updated asset objects reloaded= 0
========================================================================
Received Import Request.
  Time since last request: 80.228126 seconds.
  path: Assets/Art/Textures/skybox/wrath_up.jpg
  artifactKey: Guid(9570c0125d790694bb9466747e81e665) Importer(815301076,1909f56bfc062723c751e8b465ee728b)
Start importing Assets/Art/Textures/skybox/wrath_up.jpg using Guid(9570c0125d790694bb9466747e81e665) Importer(815301076,1909f56bfc062723c751e8b465ee728b) (PreviewImporter) -> (artifact id: '2a32b9a28e67b3d84c70b065d023ed92') in 0.0818877 seconds
Number of updated asset objects reloaded before import = 0Number of asset objects unloaded after import = 2

========================================================================
Received Import Request.
  Time since last request: 1.345411 seconds.
  path: Assets/Art/Textures/skybox/wrath_up.jpg
  artifactKey: Guid(9570c0125d790694bb9466747e81e665) Importer(2089858483,192608db42251d675da83286b1cce702)
Start importing Assets/Art/Textures/skybox/wrath_up.jpg using Guid(9570c0125d790694bb9466747e81e665) Importer(2089858483,192608db42251d675da83286b1cce702) (ScriptedImporter) -> (artifact id: '26777f64c38d1420cd81497f77037671') in 0.1953466 seconds
Number of updated asset objects reloaded before import = 0Number of asset objects unloaded after import = 1

========================================================================
Received Import Request.
  Time since last request: 82.107065 seconds.
  path: Assets/Art/Textures/skybox/skybox_ft.jpg
  artifactKey: Guid(8e2ce10cd7daaec41b2268cd116fc396) Importer(2089858483,192608db42251d675da83286b1cce702)
Start importing Assets/Art/Textures/skybox/skybox_ft.jpg using Guid(8e2ce10cd7daaec41b2268cd116fc396) Importer(2089858483,192608db42251d675da83286b1cce702) (ScriptedImporter) -> (artifact id: '39e80619ca644d5f561cdd5204df3bc1') in 0.0238574 seconds
Number of updated asset objects reloaded before import = 0Number of asset objects unloaded after import = 1

========================================================================
Received Import Request.
  Time since last request: 0.000014 seconds.
  path: Assets/Art/Textures/skybox/skybox_dn.jpg
  artifactKey: Guid(d56717c934e3d594eb20127b3fc19760) Importer(2089858483,192608db42251d675da83286b1cce702)
Start importing Assets/Art/Textures/skybox/skybox_dn.jpg using Guid(d56717c934e3d594eb20127b3fc19760) Importer(2089858483,192608db42251d675da83286b1cce702) (ScriptedImporter) -> (artifact id: '8bb0938413b45715200aa7e6d8fe7b95') in 0.0204242 seconds
Number of updated asset objects reloaded before import = 0Number of asset objects unloaded after import = 1

========================================================================
Received Import Request.
  Time since last request: 0.000019 seconds.
  path: Assets/Art/Textures/skybox/skybox_up.jpg
  artifactKey: Guid(c1fb1d71281fbc648ae0e26810016557) Importer(2089858483,192608db42251d675da83286b1cce702)
Start importing Assets/Art/Textures/skybox/skybox_up.jpg using Guid(c1fb1d71281fbc648ae0e26810016557) Importer(2089858483,192608db42251d675da83286b1cce702) (ScriptedImporter) -> (artifact id: '4ca6eef1d4fd61672fd4c0a9cf33af52') in 0.0204657 seconds
Number of updated asset objects reloaded before import = 0Number of asset objects unloaded after import = 1

========================================================================
Received Import Request.
  Time since last request: 0.000114 seconds.
  path: Assets/Art/Textures/skybox/skybox_rt.jpg
  artifactKey: Guid(43e40c67a1256e44aad25bce3f5148ce) Importer(2089858483,192608db42251d675da83286b1cce702)
Start importing Assets/Art/Textures/skybox/skybox_rt.jpg using Guid(43e40c67a1256e44aad25bce3f5148ce) Importer(2089858483,192608db42251d675da83286b1cce702) (ScriptedImporter) -> (artifact id: '7cc922c2ded1ae586f55faa04858614e') in 0.0243779 seconds
Number of updated asset objects reloaded before import = 0Number of asset objects unloaded after import = 1

========================================================================
Received Import Request.
  Time since last request: 0.000025 seconds.
  path: Assets/Art/Textures/skybox/skybox_bk.jpg
  artifactKey: Guid(bf4bade35b0f79f408bf91171eb5c2c4) Importer(2089858483,192608db42251d675da83286b1cce702)
Start importing Assets/Art/Textures/skybox/skybox_bk.jpg using Guid(bf4bade35b0f79f408bf91171eb5c2c4) Importer(2089858483,192608db42251d675da83286b1cce702) (ScriptedImporter) -> (artifact id: '4888c1812558515661d2d0bbf81e1941') in 0.0258266 seconds
Number of updated asset objects reloaded before import = 0Number of asset objects unloaded after import = 1

========================================================================
Received Import Request.
  Time since last request: 0.045929 seconds.
  path: Assets/Art/Textures/skybox/skybox_up.jpg
  artifactKey: Guid(c1fb1d71281fbc648ae0e26810016557) Importer(815301076,1909f56bfc062723c751e8b465ee728b)
Start importing Assets/Art/Textures/skybox/skybox_up.jpg using Guid(c1fb1d71281fbc648ae0e26810016557) Importer(815301076,1909f56bfc062723c751e8b465ee728b) (PreviewImporter) -> (artifact id: '7a16b32a3a305cd01a1439b37c659808') in 0.0244261 seconds
Number of updated asset objects reloaded before import = 0Number of asset objects unloaded after import = 2

========================================================================
Received Import Request.
  Time since last request: 2.066486 seconds.
  path: Assets/Art/Textures/skybox/skybox_ft.jpg
  artifactKey: Guid(8e2ce10cd7daaec41b2268cd116fc396) Importer(815301076,1909f56bfc062723c751e8b465ee728b)
Start importing Assets/Art/Textures/skybox/skybox_ft.jpg using Guid(8e2ce10cd7daaec41b2268cd116fc396) Importer(815301076,1909f56bfc062723c751e8b465ee728b) (PreviewImporter) -> (artifact id: '442f20729c56d02c8502dc46e3a70020') in 0.022327 seconds
Number of updated asset objects reloaded before import = 0Number of asset objects unloaded after import = 2

========================================================================
Received Import Request.
  Time since last request: 5.747606 seconds.
  path: Assets/Art/Textures/skybox/skybox_bk.jpg
  artifactKey: Guid(bf4bade35b0f79f408bf91171eb5c2c4) Importer(815301076,1909f56bfc062723c751e8b465ee728b)
Start importing Assets/Art/Textures/skybox/skybox_bk.jpg using Guid(bf4bade35b0f79f408bf91171eb5c2c4) Importer(815301076,1909f56bfc062723c751e8b465ee728b) (PreviewImporter) -> (artifact id: 'e1c8486bac8b6b8a68c505f79f29a6f9') in 0.0222963 seconds
Number of updated asset objects reloaded before import = 0Number of asset objects unloaded after import = 2

========================================================================
Received Import Request.
  Time since last request: 16.858240 seconds.
  path: Assets/Art/Textures/skybox/skybox_dn.jpg
  artifactKey: Guid(d56717c934e3d594eb20127b3fc19760) Importer(815301076,1909f56bfc062723c751e8b465ee728b)
Start importing Assets/Art/Textures/skybox/skybox_dn.jpg using Guid(d56717c934e3d594eb20127b3fc19760) Importer(815301076,1909f56bfc062723c751e8b465ee728b) (PreviewImporter) -> (artifact id: 'cf7d80839866b5048a500cbd9731e27b') in 0.0234457 seconds
Number of updated asset objects reloaded before import = 0Number of asset objects unloaded after import = 2

========================================================================
Received Import Request.
  Time since last request: 6.186432 seconds.
  path: Assets/Art/Textures/skybox/skybox_lf.jpg
  artifactKey: Guid(5da91d1d57292054eb90705fcff54883) Importer(815301076,1909f56bfc062723c751e8b465ee728b)
Start importing Assets/Art/Textures/skybox/skybox_lf.jpg using Guid(5da91d1d57292054eb90705fcff54883) Importer(815301076,1909f56bfc062723c751e8b465ee728b) (PreviewImporter) -> (artifact id: 'e848e350151b802b0c121501ccd78076') in 0.0224902 seconds
Number of updated asset objects reloaded before import = 0Number of asset objects unloaded after import = 2

========================================================================
Received Import Request.
  Time since last request: 3.008059 seconds.
  path: Assets/Art/Textures/skybox/skybox_rt.jpg
  artifactKey: Guid(43e40c67a1256e44aad25bce3f5148ce) Importer(815301076,1909f56bfc062723c751e8b465ee728b)
Start importing Assets/Art/Textures/skybox/skybox_rt.jpg using Guid(43e40c67a1256e44aad25bce3f5148ce) Importer(815301076,1909f56bfc062723c751e8b465ee728b) (PreviewImporter) -> (artifact id: '57e91ae0d77ab08d778dabb6188c66bc') in 0.0220164 seconds
Number of updated asset objects reloaded before import = 0Number of asset objects unloaded after import = 2

========================================================================
Received Import Request.
  Time since last request: 22.145651 seconds.
  path: Assets/Art/Textures/skybox/skybox_rt.jpg
  artifactKey: Guid(43e40c67a1256e44aad25bce3f5148ce) Importer(815301076,1909f56bfc062723c751e8b465ee728b)
Start importing Assets/Art/Textures/skybox/skybox_rt.jpg using Guid(43e40c67a1256e44aad25bce3f5148ce) Importer(815301076,1909f56bfc062723c751e8b465ee728b) (PreviewImporter) -> (artifact id: 'b281e8496f1e3d2164c96f8855af5514') in 0.0188311 seconds
Number of updated asset objects reloaded before import = 0Number of asset objects unloaded after import = 2

========================================================================
Received Prepare
Begin MonoManager ReloadAssembly
[Licensing::Client] Successfully resolved entitlement details
- Loaded All Assemblies, in  0.808 seconds
Refreshing native plugins compatible for Editor in 1.01 ms, found 3 plugins.
Native extension for WindowsStandalone target not found
Native extension for WebGL target not found
[Package Manager] Failed to launch server process. Reason: Unity was launched with the -noUpm command-line argument
[Package Manager] Unable to send message (not connected to server process).
[Package Manager] Cannot connect to Unity Package Manager local server
Mono: successfully reloaded assembly
- Finished resetting the current domain, in  0.712 seconds
Domain Reload Profiling: 1519ms
	BeginReloadAssembly (248ms)
		ExecutionOrderSort (0ms)
		DisableScriptedObjects (11ms)
		BackupInstance (0ms)
		ReleaseScriptingObjects (0ms)
		CreateAndSetChildDomain (67ms)
	RebuildCommonClasses (37ms)
	RebuildNativeTypeToScriptingClass (14ms)
	initialDomainReloadingComplete (32ms)
	LoadAllAssembliesAndSetupDomain (476ms)
		LoadAssemblies (382ms)
		RebuildTransferFunctionScriptingTraits (0ms)
		AnalyzeDomain (201ms)
			TypeCache.Refresh (7ms)
				TypeCache.ScanAssembly (0ms)
			BuildScriptInfoCaches (177ms)
			ResolveRequiredComponents (11ms)
	FinalizeReload (712ms)
		ReleaseScriptCaches (0ms)
		RebuildScriptCaches (0ms)
		SetupLoadedEditorAssemblies (560ms)
			LogAssemblyErrors (0ms)
			InitializePlatformSupportModulesInManaged (2ms)
			SetLoadedEditorAssemblies (3ms)
			BeforeProcessingInitializeOnLoad (136ms)
			ProcessInitializeOnLoadAttributes (357ms)
			ProcessInitializeOnLoadMethodAttributes (55ms)
			AfterProcessingInitializeOnLoad (6ms)
			EditorAssembliesLoaded (0ms)
		ExecutionOrderSort2 (0ms)
		AwakeInstancesAfterBackupRestoration (16ms)
Refreshing native plugins compatible for Editor in 1.66 ms, found 3 plugins.
Preloading 0 native plugins for Editor in 0.00 ms.
Unloading 13 Unused Serialized files (Serialized files now loaded: 0)
Unloading 6174 unused Assets / (4.6 MB). Loaded Objects now: 6891.
Memory consumption went from 139.0 MB to 134.3 MB.
Total: 16.408100 ms (FindLiveObjects: 1.237500 ms CreateObjectMapping: 2.256100 ms MarkObjects: 8.884500 ms  DeleteObjects: 4.028300 ms)

Prepare: number of updated asset objects reloaded= 0
========================================================================
Received Import Request.
  Time since last request: 70.434247 seconds.
  path: Assets/Art/Textures/WIPhand2 (sickly).png
  artifactKey: Guid(b9eef58187861d74b973cb1338400572) Importer(815301076,1909f56bfc062723c751e8b465ee728b)
Start importing Assets/Art/Textures/WIPhand2 (sickly).png using Guid(b9eef58187861d74b973cb1338400572) Importer(815301076,1909f56bfc062723c751e8b465ee728b) (PreviewImporter) -> (artifact id: 'bfabaeef36e5857229e8a1378c12c1f7') in 0.0902884 seconds
Number of updated asset objects reloaded before import = 0Number of asset objects unloaded after import = 2

========================================================================
Received Prepare
Begin MonoManager ReloadAssembly
[Licensing::Client] Successfully resolved entitlement details
- Loaded All Assemblies, in  0.805 seconds
Refreshing native plugins compatible for Editor in 0.85 ms, found 3 plugins.
Native extension for WindowsStandalone target not found
Native extension for WebGL target not found
[Package Manager] Failed to launch server process. Reason: Unity was launched with the -noUpm command-line argument
[Package Manager] Unable to send message (not connected to server process).
[Package Manager] Cannot connect to Unity Package Manager local server
Mono: successfully reloaded assembly
- Finished resetting the current domain, in  0.740 seconds
Domain Reload Profiling: 1544ms
	BeginReloadAssembly (232ms)
		ExecutionOrderSort (0ms)
		DisableScriptedObjects (8ms)
		BackupInstance (0ms)
		ReleaseScriptingObjects (0ms)
		CreateAndSetChildDomain (55ms)
	RebuildCommonClasses (40ms)
	RebuildNativeTypeToScriptingClass (14ms)
	initialDomainReloadingComplete (33ms)
	LoadAllAssembliesAndSetupDomain (485ms)
		LoadAssemblies (394ms)
		RebuildTransferFunctionScriptingTraits (0ms)
		AnalyzeDomain (199ms)
			TypeCache.Refresh (9ms)
				TypeCache.ScanAssembly (0ms)
			BuildScriptInfoCaches (174ms)
			ResolveRequiredComponents (11ms)
	FinalizeReload (740ms)
		ReleaseScriptCaches (0ms)
		RebuildScriptCaches (0ms)
		SetupLoadedEditorAssemblies (579ms)
			LogAssemblyErrors (0ms)
			InitializePlatformSupportModulesInManaged (2ms)
			SetLoadedEditorAssemblies (4ms)
			BeforeProcessingInitializeOnLoad (148ms)
			ProcessInitializeOnLoadAttributes (362ms)
			ProcessInitializeOnLoadMethodAttributes (58ms)
			AfterProcessingInitializeOnLoad (6ms)
			EditorAssembliesLoaded (0ms)
		ExecutionOrderSort2 (0ms)
		AwakeInstancesAfterBackupRestoration (19ms)
Refreshing native plugins compatible for Editor in 1.94 ms, found 3 plugins.
Preloading 0 native plugins for Editor in 0.00 ms.
Unloading 13 Unused Serialized files (Serialized files now loaded: 0)
Unloading 6174 unused Assets / (4.4 MB). Loaded Objects now: 6895.
Memory consumption went from 141.0 MB to 136.5 MB.
Total: 16.230000 ms (FindLiveObjects: 1.273800 ms CreateObjectMapping: 2.074000 ms MarkObjects: 9.122800 ms  DeleteObjects: 3.756600 ms)

Prepare: number of updated asset objects reloaded= 0
========================================================================
Received Prepare
Begin MonoManager ReloadAssembly
- Loaded All Assemblies, in  0.792 seconds
Refreshing native plugins compatible for Editor in 0.88 ms, found 3 plugins.
Native extension for WindowsStandalone target not found
Native extension for WebGL target not found
[Package Manager] Failed to launch server process. Reason: Unity was launched with the -noUpm command-line argument
[Package Manager] Unable to send message (not connected to server process).
[Package Manager] Cannot connect to Unity Package Manager local server
Mono: successfully reloaded assembly
- Finished resetting the current domain, in  0.749 seconds
Domain Reload Profiling: 1541ms
	BeginReloadAssembly (225ms)
		ExecutionOrderSort (0ms)
		DisableScriptedObjects (6ms)
		BackupInstance (0ms)
		ReleaseScriptingObjects (0ms)
		CreateAndSetChildDomain (50ms)
	RebuildCommonClasses (38ms)
	RebuildNativeTypeToScriptingClass (14ms)
	initialDomainReloadingComplete (34ms)
	LoadAllAssembliesAndSetupDomain (481ms)
		LoadAssemblies (386ms)
		RebuildTransferFunctionScriptingTraits (0ms)
		AnalyzeDomain (196ms)
			TypeCache.Refresh (9ms)
				TypeCache.ScanAssembly (0ms)
			BuildScriptInfoCaches (171ms)
			ResolveRequiredComponents (11ms)
	FinalizeReload (750ms)
		ReleaseScriptCaches (0ms)
		RebuildScriptCaches (0ms)
		SetupLoadedEditorAssemblies (589ms)
			LogAssemblyErrors (0ms)
			InitializePlatformSupportModulesInManaged (2ms)
			SetLoadedEditorAssemblies (3ms)
			BeforeProcessingInitializeOnLoad (145ms)
			ProcessInitializeOnLoadAttributes (364ms)
			ProcessInitializeOnLoadMethodAttributes (64ms)
			AfterProcessingInitializeOnLoad (10ms)
			EditorAssembliesLoaded (0ms)
		ExecutionOrderSort2 (0ms)
		AwakeInstancesAfterBackupRestoration (18ms)
Refreshing native plugins compatible for Editor in 1.72 ms, found 3 plugins.
Preloading 0 native plugins for Editor in 0.00 ms.
Unloading 13 Unused Serialized files (Serialized files now loaded: 0)
Unloading 6174 unused Assets / (4.5 MB). Loaded Objects now: 6898.
Memory consumption went from 141.0 MB to 136.5 MB.
Total: 15.723900 ms (FindLiveObjects: 1.162200 ms CreateObjectMapping: 1.722700 ms MarkObjects: 8.806000 ms  DeleteObjects: 4.031800 ms)

Prepare: number of updated asset objects reloaded= 0
========================================================================
Received Import Request.
  Time since last request: 133.704285 seconds.
  path: Assets/Art/Textures/skybox/skybox_ft.jpg
  artifactKey: Guid(8e2ce10cd7daaec41b2268cd116fc396) Importer(815301076,1909f56bfc062723c751e8b465ee728b)
Start importing Assets/Art/Textures/skybox/skybox_ft.jpg using Guid(8e2ce10cd7daaec41b2268cd116fc396) Importer(815301076,1909f56bfc062723c751e8b465ee728b) (PreviewImporter) -> (artifact id: 'c935e0c9b53ff8a50e1cf90581b5fc19') in 0.1215299 seconds
Number of updated asset objects reloaded before import = 0Number of asset objects unloaded after import = 2

========================================================================
Received Import Request.
  Time since last request: 0.000059 seconds.
  path: Assets/Art/Textures/skybox/skybox_lf.jpg
  artifactKey: Guid(5da91d1d57292054eb90705fcff54883) Importer(815301076,1909f56bfc062723c751e8b465ee728b)
Start importing Assets/Art/Textures/skybox/skybox_lf.jpg using Guid(5da91d1d57292054eb90705fcff54883) Importer(815301076,1909f56bfc062723c751e8b465ee728b) (PreviewImporter) -> (artifact id: '7d54e27c6ea86f3928297c65fe28c969') in 0.0266361 seconds
Number of updated asset objects reloaded before import = 0Number of asset objects unloaded after import = 2

========================================================================
Received Import Request.
  Time since last request: 0.000055 seconds.
  path: Assets/Art/Textures/skybox/skybox_dn.jpg
  artifactKey: Guid(d56717c934e3d594eb20127b3fc19760) Importer(815301076,1909f56bfc062723c751e8b465ee728b)
Start importing Assets/Art/Textures/skybox/skybox_dn.jpg using Guid(d56717c934e3d594eb20127b3fc19760) Importer(815301076,1909f56bfc062723c751e8b465ee728b) (PreviewImporter) -> (artifact id: '254ea81e28b1eb34fe2da2940274208d') in 0.0235267 seconds
Number of updated asset objects reloaded before import = 0Number of asset objects unloaded after import = 2

========================================================================
Received Prepare
Begin MonoManager ReloadAssembly
[Licensing::Client] Successfully resolved entitlement details
- Loaded All Assemblies, in  0.874 seconds
Refreshing native plugins compatible for Editor in 0.91 ms, found 3 plugins.
Native extension for WindowsStandalone target not found
Native extension for WebGL target not found
[Package Manager] Failed to launch server process. Reason: Unity was launched with the -noUpm command-line argument
[Package Manager] Unable to send message (not connected to server process).
[Package Manager] Cannot connect to Unity Package Manager local server
Mono: successfully reloaded assembly
- Finished resetting the current domain, in  0.811 seconds
Domain Reload Profiling: 1686ms
	BeginReloadAssembly (243ms)
		ExecutionOrderSort (0ms)
		DisableScriptedObjects (9ms)
		BackupInstance (0ms)
		ReleaseScriptingObjects (0ms)
		CreateAndSetChildDomain (56ms)
	RebuildCommonClasses (37ms)
	RebuildNativeTypeToScriptingClass (15ms)
	initialDomainReloadingComplete (36ms)
	LoadAllAssembliesAndSetupDomain (543ms)
		LoadAssemblies (433ms)
		RebuildTransferFunctionScriptingTraits (0ms)
		AnalyzeDomain (221ms)
			TypeCache.Refresh (13ms)
				TypeCache.ScanAssembly (0ms)
			BuildScriptInfoCaches (191ms)
			ResolveRequiredComponents (12ms)
	FinalizeReload (812ms)
		ReleaseScriptCaches (0ms)
		RebuildScriptCaches (0ms)
		SetupLoadedEditorAssemblies (639ms)
			LogAssemblyErrors (0ms)
			InitializePlatformSupportModulesInManaged (2ms)
			SetLoadedEditorAssemblies (3ms)
			BeforeProcessingInitializeOnLoad (165ms)
			ProcessInitializeOnLoadAttributes (401ms)
			ProcessInitializeOnLoadMethodAttributes (58ms)
			AfterProcessingInitializeOnLoad (10ms)
			EditorAssembliesLoaded (0ms)
		ExecutionOrderSort2 (0ms)
		AwakeInstancesAfterBackupRestoration (21ms)
Refreshing native plugins compatible for Editor in 2.55 ms, found 3 plugins.
Preloading 0 native plugins for Editor in 0.00 ms.
Unloading 13 Unused Serialized files (Serialized files now loaded: 0)
Unloading 6174 unused Assets / (4.9 MB). Loaded Objects now: 6901.
Memory consumption went from 141.0 MB to 136.2 MB.
Total: 19.171600 ms (FindLiveObjects: 1.811000 ms CreateObjectMapping: 2.325000 ms MarkObjects: 9.213700 ms  DeleteObjects: 5.820100 ms)

Prepare: number of updated asset objects reloaded= 0
========================================================================
Received Import Request.
  Time since last request: 71.308074 seconds.
  path: Assets/Art/Textures/WIPhand3 (bloodied).png
  artifactKey: Guid(cc0365b66a2bc4143ae43d42ab126c06) Importer(815301076,1909f56bfc062723c751e8b465ee728b)
Start importing Assets/Art/Textures/WIPhand3 (bloodied).png using Guid(cc0365b66a2bc4143ae43d42ab126c06) Importer(815301076,1909f56bfc062723c751e8b465ee728b) (PreviewImporter) -> (artifact id: '93d24916355bfce7b7343847359ba969') in 0.0986251 seconds
Number of updated asset objects reloaded before import = 0Number of asset objects unloaded after import = 2

========================================================================
Received Import Request.
  Time since last request: 0.853594 seconds.
  path: Assets/Art/Textures/WIPhand4 (bloodied).png
  artifactKey: Guid(eca641d080c3c5b4c993fb64a493074a) Importer(815301076,1909f56bfc062723c751e8b465ee728b)
Start importing Assets/Art/Textures/WIPhand4 (bloodied).png using Guid(eca641d080c3c5b4c993fb64a493074a) Importer(815301076,1909f56bfc062723c751e8b465ee728b) (PreviewImporter) -> (artifact id: '92debbee716fe1cbd94b14b3d797b973') in 0.0207062 seconds
Number of updated asset objects reloaded before import = 0Number of asset objects unloaded after import = 2

========================================================================
Received Import Request.
  Time since last request: 2.457178 seconds.
  path: Assets/Art/Textures/WIPhand1.png
  artifactKey: Guid(d0f27d3783b326641b658271ed4ef7b4) Importer(815301076,1909f56bfc062723c751e8b465ee728b)
Start importing Assets/Art/Textures/WIPhand1.png using Guid(d0f27d3783b326641b658271ed4ef7b4) Importer(815301076,1909f56bfc062723c751e8b465ee728b) (PreviewImporter) -> (artifact id: '28a70f50955ccfd57dda2d703a6682da') in 0.0217026 seconds
Number of updated asset objects reloaded before import = 0Number of asset objects unloaded after import = 2

========================================================================
Received Import Request.
  Time since last request: 87.156733 seconds.
  path: Assets/Art/Textures/_player-hand-default.png
  artifactKey: Guid(d0f27d3783b326641b658271ed4ef7b4) Importer(815301076,1909f56bfc062723c751e8b465ee728b)
Start importing Assets/Art/Textures/_player-hand-default.png using Guid(d0f27d3783b326641b658271ed4ef7b4) Importer(815301076,1909f56bfc062723c751e8b465ee728b) (PreviewImporter) -> (artifact id: '83a23b4ef05343e2f65028204e4dceab') in 0.01081 seconds
Number of updated asset objects reloaded before import = 0Number of asset objects unloaded after import = 2

========================================================================
Received Import Request.
  Time since last request: 18.021756 seconds.
  path: Assets/Art/Textures/_player-hand-sickly.png
  artifactKey: Guid(b9eef58187861d74b973cb1338400572) Importer(815301076,1909f56bfc062723c751e8b465ee728b)
Start importing Assets/Art/Textures/_player-hand-sickly.png using Guid(b9eef58187861d74b973cb1338400572) Importer(815301076,1909f56bfc062723c751e8b465ee728b) (PreviewImporter) -> (artifact id: 'bb2900140e719c8717992134463d23b1') in 0.0099489 seconds
Number of updated asset objects reloaded before import = 0Number of asset objects unloaded after import = 2

========================================================================
Received Import Request.
  Time since last request: 8.922090 seconds.
  path: Assets/Art/Textures/_player-hand-inverted.png
  artifactKey: Guid(cc0365b66a2bc4143ae43d42ab126c06) Importer(815301076,1909f56bfc062723c751e8b465ee728b)
Start importing Assets/Art/Textures/_player-hand-inverted.png using Guid(cc0365b66a2bc4143ae43d42ab126c06) Importer(815301076,1909f56bfc062723c751e8b465ee728b) (PreviewImporter) -> (artifact id: '88ce214567915e57be4c183f4dbffe8e') in 0.0109213 seconds
Number of updated asset objects reloaded before import = 0Number of asset objects unloaded after import = 2

========================================================================
Received Import Request.
  Time since last request: 10.085610 seconds.
  path: Assets/Art/Textures/_player-hand-bloodied.png
  artifactKey: Guid(eca641d080c3c5b4c993fb64a493074a) Importer(815301076,1909f56bfc062723c751e8b465ee728b)
Start importing Assets/Art/Textures/_player-hand-bloodied.png using Guid(eca641d080c3c5b4c993fb64a493074a) Importer(815301076,1909f56bfc062723c751e8b465ee728b) (PreviewImporter) -> (artifact id: '29de101a20f07593b3d24968374ef5bc') in 0.0210971 seconds
Number of updated asset objects reloaded before import = 0Number of asset objects unloaded after import = 2

========================================================================
Received Import Request.
  Time since last request: 9.976813 seconds.
  path: Assets/Art/Materials/_player-hand-default.mat
  artifactKey: Guid(84ad362e4beb0554aae6cbaf884fc52d) Importer(2089858483,192608db42251d675da83286b1cce702)
Start importing Assets/Art/Materials/_player-hand-default.mat using Guid(84ad362e4beb0554aae6cbaf884fc52d) Importer(2089858483,192608db42251d675da83286b1cce702) (ScriptedImporter) -> (artifact id: '661b91f24cf473275ed6860e471149c3') in 0.2096017 seconds
Number of updated asset objects reloaded before import = 0Number of asset objects unloaded after import = 2

========================================================================
Received Import Request.
  Time since last request: 0.000023 seconds.
  path: Assets/Art/Textures/_player-hand-sickly.png
  artifactKey: Guid(b9eef58187861d74b973cb1338400572) Importer(2089858483,192608db42251d675da83286b1cce702)
Start importing Assets/Art/Textures/_player-hand-sickly.png using Guid(b9eef58187861d74b973cb1338400572) Importer(2089858483,192608db42251d675da83286b1cce702) (ScriptedImporter) -> (artifact id: '6f4ca38459a8797ee738f6e51dcdd5de') in 0.0731729 seconds
Number of updated asset objects reloaded before import = 0Number of asset objects unloaded after import = 1

========================================================================
Received Import Request.
  Time since last request: 0.000023 seconds.
  path: Assets/Art/Textures/_player-hand-inverted.png
  artifactKey: Guid(cc0365b66a2bc4143ae43d42ab126c06) Importer(2089858483,192608db42251d675da83286b1cce702)
Start importing Assets/Art/Textures/_player-hand-inverted.png using Guid(cc0365b66a2bc4143ae43d42ab126c06) Importer(2089858483,192608db42251d675da83286b1cce702) (ScriptedImporter) -> (artifact id: '4c61d03489ae9938eecdcfdb08f9575d') in 0.0312527 seconds
Number of updated asset objects reloaded before import = 0Number of asset objects unloaded after import = 1

========================================================================
Received Import Request.
  Time since last request: 7.289925 seconds.
  path: Assets/Art/Materials/_skybox.mat
  artifactKey: Guid(c892bc0017376044db4d83c9932d32a9) Importer(2089858483,192608db42251d675da83286b1cce702)
Start importing Assets/Art/Materials/_skybox.mat using Guid(c892bc0017376044db4d83c9932d32a9) Importer(2089858483,192608db42251d675da83286b1cce702) (ScriptedImporter) -> (artifact id: '3134dc6a2dcb3f37fa8b89d9978ca3b1') in 0.0207838 seconds
Number of updated asset objects reloaded before import = 0Number of asset objects unloaded after import = 7

========================================================================
Received Import Request.
  Time since last request: 1.887656 seconds.
  path: Assets/Art/Materials/_player-hand-default 2.mat
  artifactKey: Guid(c56bb3b94953b354d9a9acdec9acdde3) Importer(2089858483,192608db42251d675da83286b1cce702)
Start importing Assets/Art/Materials/_player-hand-default 2.mat using Guid(c56bb3b94953b354d9a9acdec9acdde3) Importer(2089858483,192608db42251d675da83286b1cce702) (ScriptedImporter) -> (artifact id: '378deaf86d356052c324c96e41e62297') in 0.017659 seconds
Number of updated asset objects reloaded before import = 0Number of asset objects unloaded after import = 2

========================================================================
Received Import Request.
  Time since last request: 5.271677 seconds.
  path: Assets/Art/Materials/_player-hand-sickly.mat
  artifactKey: Guid(b3a2d723a3cb9a145a3e533f6eaffda3) Importer(2089858483,192608db42251d675da83286b1cce702)
Start importing Assets/Art/Materials/_player-hand-sickly.mat using Guid(b3a2d723a3cb9a145a3e533f6eaffda3) Importer(2089858483,192608db42251d675da83286b1cce702) (ScriptedImporter) -> (artifact id: '253b454d645e16c18e3a564b1620549e') in 0.014526 seconds
Number of updated asset objects reloaded before import = 0Number of asset objects unloaded after import = 2

========================================================================
Received Import Request.
  Time since last request: 4.873966 seconds.
  path: Assets/Art/Materials/_player-hand-bloodied.mat
  artifactKey: Guid(c56bb3b94953b354d9a9acdec9acdde3) Importer(2089858483,192608db42251d675da83286b1cce702)
Start importing Assets/Art/Materials/_player-hand-bloodied.mat using Guid(c56bb3b94953b354d9a9acdec9acdde3) Importer(2089858483,192608db42251d675da83286b1cce702) (ScriptedImporter) -> (artifact id: 'ce899585745d6ba3b2d846fad327cda5') in 0.0150887 seconds
Number of updated asset objects reloaded before import = 0Number of asset objects unloaded after import = 2

========================================================================
Received Import Request.
  Time since last request: 8.750862 seconds.
  path: Assets/Art/Materials/_player-hand-inverted.mat
  artifactKey: Guid(5d988083979801e4aa8bd12ae2f1ac15) Importer(2089858483,192608db42251d675da83286b1cce702)
Start importing Assets/Art/Materials/_player-hand-inverted.mat using Guid(5d988083979801e4aa8bd12ae2f1ac15) Importer(2089858483,192608db42251d675da83286b1cce702) (ScriptedImporter) -> (artifact id: '67190c4b218a123abe57e7ab53939651') in 0.0163429 seconds
Number of updated asset objects reloaded before import = 0Number of asset objects unloaded after import = 2

========================================================================
Received Import Request.
  Time since last request: 89.296558 seconds.
  path: Assets/Art/Textures/_skybox
  artifactKey: Guid(95a0f9e9ed1cc6a4fbde63bb998dc48a) Importer(815301076,1909f56bfc062723c751e8b465ee728b)
Start importing Assets/Art/Textures/_skybox using Guid(95a0f9e9ed1cc6a4fbde63bb998dc48a) Importer(815301076,1909f56bfc062723c751e8b465ee728b) (PreviewImporter) -> (artifact id: '699008c40433131e143b9c79cdab9fb1') in 0.0007602 seconds
Number of updated asset objects reloaded before import = 0Number of asset objects unloaded after import = 0

========================================================================
Received Import Request.
  Time since last request: 0.908458 seconds.
  path: Assets/Art/Textures/_skybox
  artifactKey: Guid(95a0f9e9ed1cc6a4fbde63bb998dc48a) Importer(2089858483,192608db42251d675da83286b1cce702)
Start importing Assets/Art/Textures/_skybox using Guid(95a0f9e9ed1cc6a4fbde63bb998dc48a) Importer(2089858483,192608db42251d675da83286b1cce702) (ScriptedImporter) -> (artifact id: 'e821e4411d68890ba7d8a3e632050c2b') in 0.0258731 seconds
Number of updated asset objects reloaded before import = 0Number of asset objects unloaded after import = 1

========================================================================
Received Import Request.
  Time since last request: 0.000021 seconds.
  path: Assets/Art/Textures/_skybox/skybox_dn.jpg
  artifactKey: Guid(d56717c934e3d594eb20127b3fc19760) Importer(2089858483,192608db42251d675da83286b1cce702)
Start importing Assets/Art/Textures/_skybox/skybox_dn.jpg using Guid(d56717c934e3d594eb20127b3fc19760) Importer(2089858483,192608db42251d675da83286b1cce702) (ScriptedImporter) -> (artifact id: '9ad9c289dd0abc6bb52eee02da286eac') in 0.0228915 seconds
Number of updated asset objects reloaded before import = 0Number of asset objects unloaded after import = 1

========================================================================
Received Import Request.
  Time since last request: 0.000017 seconds.
  path: Assets/Art/Textures/_skybox/skybox_rt.jpg
  artifactKey: Guid(43e40c67a1256e44aad25bce3f5148ce) Importer(2089858483,192608db42251d675da83286b1cce702)
Start importing Assets/Art/Textures/_skybox/skybox_rt.jpg using Guid(43e40c67a1256e44aad25bce3f5148ce) Importer(2089858483,192608db42251d675da83286b1cce702) (ScriptedImporter) -> (artifact id: '8db6d11a1685083f1902ca0543fcb220') in 0.0385712 seconds
Number of updated asset objects reloaded before import = 0Number of asset objects unloaded after import = 1

========================================================================
Received Import Request.
  Time since last request: 13.170645 seconds.
  path: Assets/Art/Textures/skybox/skybox_up.jpg
  artifactKey: Guid(c1fb1d71281fbc648ae0e26810016557) Importer(2089858483,192608db42251d675da83286b1cce702)
Start importing Assets/Art/Textures/skybox/skybox_up.jpg using Guid(c1fb1d71281fbc648ae0e26810016557) Importer(2089858483,192608db42251d675da83286b1cce702) (ScriptedImporter) -> (artifact id: 'ef4584616c6a5e522d42c2e2019ce70a') in 0.0258167 seconds
Number of updated asset objects reloaded before import = 0Number of asset objects unloaded after import = 1

========================================================================
Received Import Request.
  Time since last request: 0.000019 seconds.
  path: Assets/Art/Textures/skybox/skybox_ft.jpg
  artifactKey: Guid(8e2ce10cd7daaec41b2268cd116fc396) Importer(2089858483,192608db42251d675da83286b1cce702)
Start importing Assets/Art/Textures/skybox/skybox_ft.jpg using Guid(8e2ce10cd7daaec41b2268cd116fc396) Importer(2089858483,192608db42251d675da83286b1cce702) (ScriptedImporter) -> (artifact id: '19929b3c6788b860874ac9f6e1d224ab') in 0.0240361 seconds
Number of updated asset objects reloaded before import = 0Number of asset objects unloaded after import = 1

========================================================================
Received Import Request.
  Time since last request: 6.322263 seconds.
  path: Assets/Art/Materials/_player-hand-sickly.mat
  artifactKey: Guid(b3a2d723a3cb9a145a3e533f6eaffda3) Importer(2089858483,192608db42251d675da83286b1cce702)
Start importing Assets/Art/Materials/_player-hand-sickly.mat using Guid(b3a2d723a3cb9a145a3e533f6eaffda3) Importer(2089858483,192608db42251d675da83286b1cce702) (ScriptedImporter) -> (artifact id: '43b06a0b472a4e3fdb891e20abbdd167') in 0.0178782 seconds
Number of updated asset objects reloaded before import = 0Number of asset objects unloaded after import = 2

Editor requested this worker to shutdown with reason: Scaling down because of idle timeout
AssetImportWorker is now disconnected from the server
Process exiting
Exiting without the bug reporter. Application will terminate with return code 0